<?xml version="1.0" encoding="UTF-8"?>
<!-- Generated by org.testng.reporters.JUnitReportReporter -->
<testsuite hostname="DESKTOP-C3T8P9A" failures="0" tests="1" name="exceloperations.TestSeleniumChrome" time="9.413" errors="0" timestamp="2022-08-01T14:18:59 IST" skipped="0">
  <testcase classname="exceloperations.TestSeleniumChrome" name="testChrome" time="9.413"/>
  <system-out/>
</testsuite> <!-- exceloperations.TestSeleniumChrome -->
