<?xml version="1.0" encoding="UTF-8"?>
<!-- Generated by org.testng.reporters.JUnitReportReporter -->
<testsuite hostname="DESKTOP-C3T8P9A" failures="0" tests="1" name="exceloperations.TestSeleniumBlog" time="0.013" errors="0" timestamp="2022-08-01T14:19:34 IST" skipped="0">
  <testcase classname="exceloperations.TestSeleniumBlog" name="testconfig" time="0.013"/>
  <system-out/>
</testsuite> <!-- exceloperations.TestSeleniumBlog -->
