<?xml version="1.0" encoding="UTF-8"?>
<!-- Generated by org.testng.reporters.JUnitReportReporter -->
<testsuite hostname="DESKTOP-C3T8P9A" failures="0" tests="1" name="exceloperations.TestSeleniumFirefox" time="9.062" errors="0" timestamp="2022-07-29T17:27:03 IST" skipped="0">
  <testcase classname="exceloperations.TestSeleniumFirefox" name="testFirefox" time="9.062"/>
  <system-out/>
</testsuite> <!-- exceloperations.TestSeleniumFirefox -->
